This is pdfTeX, Version 3.14159265-2.6-1.40.21 (MiKTeX 2.9.7380 64-bit) (preloaded format=pdflatex 2020.4.7)  3 JUN 2020 23:03
entering extended mode
**./sprawozdanie_z3.tex
(sprawozdanie_z3.tex
LaTeX2e <2020-02-02> patch level 5
L3 programming layer <2020-03-06>
("C:\Users\Robert\AppData\Local\Programs\MiKTeX 2.9\tex/latex/base\article.cls"
Document Class: article 2019/12/20 v1.4l Standard LaTeX document class
("C:\Users\Robert\AppData\Local\Programs\MiKTeX 2.9\tex/latex/base\size12.clo"
File: size12.clo 2019/12/20 v1.4l Standard LaTeX file (size option)
)
\c@part=\count167
\c@section=\count168
\c@subsection=\count169
\c@subsubsection=\count170
\c@paragraph=\count171
\c@subparagraph=\count172
\c@figure=\count173
\c@table=\count174
\abovecaptionskip=\skip47
\belowcaptionskip=\skip48
\bibindent=\dimen134
) ("C:\Users\Robert\AppData\Local\Programs\MiKTeX 2.9\tex/latex/base\fontenc.st
y"
Package: fontenc 2020/02/11 v2.0o Standard LaTeX package
)
("C:\Users\Robert\AppData\Local\Programs\MiKTeX 2.9\tex/latex/polski\polski.sty
"
Package: polski 2017/05/04 v1.3.4 Polish language package
)
("C:\Users\Robert\AppData\Local\Programs\MiKTeX 2.9\tex/latex/base\inputenc.sty
"
Package: inputenc 2018/08/11 v1.3c Input encoding file
\inpenc@prehook=\toks15
\inpenc@posthook=\toks16
 ("C:\Users\Robert\AppData\Local\Programs\MiKTeX 2.9\tex/latex/base\cp1250.def"
File: cp1250.def 2018/08/11 v1.3c Input encoding file
))
("C:\Users\Robert\AppData\Local\Programs\MiKTeX 2.9\tex/latex/graphics\graphicx
.sty"
Package: graphicx 2019/11/30 v1.2a Enhanced LaTeX Graphics (DPC,SPQR)

("C:\Users\Robert\AppData\Local\Programs\MiKTeX 2.9\tex/latex/graphics\keyval.s
ty"
Package: keyval 2014/10/28 v1.15 key=value parser (DPC)
\KV@toks@=\toks17
)
("C:\Users\Robert\AppData\Local\Programs\MiKTeX 2.9\tex/latex/graphics\graphics
.sty"
Package: graphics 2019/11/30 v1.4a Standard LaTeX Graphics (DPC,SPQR)

("C:\Users\Robert\AppData\Local\Programs\MiKTeX 2.9\tex/latex/graphics\trig.sty
"
Package: trig 2016/01/03 v1.10 sin cos tan (DPC)
)
("C:\Users\Robert\AppData\Local\Programs\MiKTeX 2.9\tex/latex/graphics-cfg\grap
hics.cfg"
File: graphics.cfg 2016/06/04 v1.11 sample graphics configuration
)
Package graphics Info: Driver file: pdftex.def on input line 105.

("C:\Users\Robert\AppData\Local\Programs\MiKTeX 2.9\tex/latex/graphics-def\pdft
ex.def"
File: pdftex.def 2018/01/08 v1.0l Graphics/color driver for pdftex
))
\Gin@req@height=\dimen135
\Gin@req@width=\dimen136
)
("C:\Users\Robert\AppData\Local\Programs\MiKTeX 2.9\tex/latex/amsfonts\amsfonts
.sty"
Package: amsfonts 2013/01/14 v3.01 Basic AMSFonts support
\@emptytoks=\toks18
\symAMSa=\mathgroup4
\symAMSb=\mathgroup5
LaTeX Font Info:    Redeclaring math symbol \hbar on input line 98.
LaTeX Font Info:    Overwriting math alphabet `\mathfrak' in version `bold'
(Font)                  U/euf/m/n --> U/euf/b/n on input line 106.
)
("C:\Users\Robert\AppData\Local\Programs\MiKTeX 2.9\tex/latex/amsmath\amsmath.s
ty"
Package: amsmath 2020/01/20 v2.17e AMS math features
\@mathmargin=\skip49

For additional information on amsmath, use the `?' option.

("C:\Users\Robert\AppData\Local\Programs\MiKTeX 2.9\tex/latex/amsmath\amstext.s
ty"
Package: amstext 2000/06/29 v2.01 AMS text

("C:\Users\Robert\AppData\Local\Programs\MiKTeX 2.9\tex/latex/amsmath\amsgen.st
y"
File: amsgen.sty 1999/11/30 v2.0 generic functions
\@emptytoks=\toks19
\ex@=\dimen137
))
("C:\Users\Robert\AppData\Local\Programs\MiKTeX 2.9\tex/latex/amsmath\amsbsy.st
y"
Package: amsbsy 1999/11/29 v1.2d Bold Symbols
\pmbraise@=\dimen138
)
("C:\Users\Robert\AppData\Local\Programs\MiKTeX 2.9\tex/latex/amsmath\amsopn.st
y"
Package: amsopn 2016/03/08 v2.02 operator names
)
\inf@bad=\count175
LaTeX Info: Redefining \frac on input line 227.
\uproot@=\count176
\leftroot@=\count177
LaTeX Info: Redefining \overline on input line 389.
\classnum@=\count178
\DOTSCASE@=\count179
LaTeX Info: Redefining \ldots on input line 486.
LaTeX Info: Redefining \dots on input line 489.
LaTeX Info: Redefining \cdots on input line 610.
\Mathstrutbox@=\box45
\strutbox@=\box46
\big@size=\dimen139
LaTeX Font Info:    Redeclaring font encoding OML on input line 733.
LaTeX Font Info:    Redeclaring font encoding OMS on input line 734.
\macc@depth=\count180
\c@MaxMatrixCols=\count181
\dotsspace@=\muskip16
\c@parentequation=\count182
\dspbrk@lvl=\count183
\tag@help=\toks20
\row@=\count184
\column@=\count185
\maxfields@=\count186
\andhelp@=\toks21
\eqnshift@=\dimen140
\alignsep@=\dimen141
\tagshift@=\dimen142
\tagwidth@=\dimen143
\totwidth@=\dimen144
\lineht@=\dimen145
\@envbody=\toks22
\multlinegap=\skip50
\multlinetaggap=\skip51
\mathdisplay@stack=\toks23
LaTeX Info: Redefining \[ on input line 2859.
LaTeX Info: Redefining \] on input line 2860.
)
("C:\Users\Robert\AppData\Local\Programs\MiKTeX 2.9\tex/latex/amsfonts\amssymb.
sty"
Package: amssymb 2013/01/14 v3.01 AMS font symbols
)
("C:\Users\Robert\AppData\Local\Programs\MiKTeX 2.9\tex/latex/float\float.sty"
Package: float 2001/11/08 v1.3d Float enhancements (AL)
\c@float@type=\count187
\float@exts=\toks24
\float@box=\box47
\@float@everytoks=\toks25
\@floatcapt=\box48
)
("C:\Users\Robert\AppData\Local\Programs\MiKTeX 2.9\tex/latex/grffile\grffile.s
ty"
Package: grffile 2019/11/11 v2.1 Extended file name support for graphics (legac
y)
Package grffile Info: This package is an empty stub for compatibility on input 
line 40.
)
("C:\Users\Robert\AppData\Local\Programs\MiKTeX 2.9\tex/latex/listings\listings
.sty"
\lst@mode=\count188
\lst@gtempboxa=\box49
\lst@token=\toks26
\lst@length=\count189
\lst@currlwidth=\dimen146
\lst@column=\count190
\lst@pos=\count191
\lst@lostspace=\dimen147
\lst@width=\dimen148
\lst@newlines=\count192
\lst@lineno=\count193
\lst@maxwidth=\dimen149

("C:\Users\Robert\AppData\Local\Programs\MiKTeX 2.9\tex/latex/listings\lstmisc.
sty"
File: lstmisc.sty 2020/03/24 1.8d (Carsten Heinz)
\c@lstnumber=\count194
\lst@skipnumbers=\count195
\lst@framebox=\box50
)
("C:\Users\Robert\AppData\Local\Programs\MiKTeX 2.9\tex/latex/listings\listings
.cfg"
File: listings.cfg 2020/03/24 1.8d listings configuration
))
Package: listings 2020/03/24 1.8d (Carsten Heinz)

("C:\Users\Robert\AppData\Local\Programs\MiKTeX 2.9\tex/latex/caption\caption.s
ty"
Package: caption 2020/01/03 v3.4h Customizing captions (AR)

("C:\Users\Robert\AppData\Local\Programs\MiKTeX 2.9\tex/latex/caption\caption3.
sty"
Package: caption3 2020/01/03 v1.8h caption3 kernel (AR)
Package caption3 Info: TeX engine: e-TeX on input line 61.
\captionmargin=\dimen150
\captionmargin@=\dimen151
\captionwidth=\dimen152
\caption@tempdima=\dimen153
\caption@indent=\dimen154
\caption@parindent=\dimen155
\caption@hangindent=\dimen156
Package caption Info: Standard document class detected.
)
\c@caption@flags=\count196
\c@continuedfloat=\count197
Package caption Info: float package is loaded.
Package caption Info: listings package is loaded.
)
("C:\Users\Robert\AppData\Local\Programs\MiKTeX 2.9\tex/latex/l3backend\l3backe
nd-pdfmode.def"
File: l3backend-pdfmode.def 2020-03-12 L3 backend support: PDF mode
\l__kernel_color_stack_int=\count198
\l__pdf_internal_box=\box51
) (sprawozdanie_z3.aux)
\openout1 = `sprawozdanie_z3.aux'.

LaTeX Font Info:    Checking defaults for OML/cmm/m/it on input line 22.
LaTeX Font Info:    ... okay on input line 22.
LaTeX Font Info:    Checking defaults for OMS/cmsy/m/n on input line 22.
LaTeX Font Info:    ... okay on input line 22.
LaTeX Font Info:    Checking defaults for OT1/cmr/m/n on input line 22.
LaTeX Font Info:    ... okay on input line 22.
LaTeX Font Info:    Checking defaults for T1/cmr/m/n on input line 22.
LaTeX Font Info:    ... okay on input line 22.
LaTeX Font Info:    Checking defaults for TS1/cmr/m/n on input line 22.
LaTeX Font Info:    ... okay on input line 22.
LaTeX Font Info:    Checking defaults for OMX/cmex/m/n on input line 22.
LaTeX Font Info:    ... okay on input line 22.
LaTeX Font Info:    Checking defaults for U/cmr/m/n on input line 22.
LaTeX Font Info:    ... okay on input line 22.

("C:\Users\Robert\AppData\Local\Programs\MiKTeX 2.9\tex/context/base/mkii\supp-
pdf.mkii"
[Loading MPS to PDF converter (version 2006.09.02).]
\scratchcounter=\count199
\scratchdimen=\dimen157
\scratchbox=\box52
\nofMPsegments=\count266
\nofMParguments=\count267
\everyMPshowfont=\toks27
\MPscratchCnt=\count268
\MPscratchDim=\dimen158
\MPnumerator=\count269
\makeMPintoPDFobject=\count270
\everyMPtoPDFconversion=\toks28
)
("C:\Users\Robert\AppData\Local\Programs\MiKTeX 2.9\tex/latex/epstopdf-pkg\epst
opdf-base.sty"
Package: epstopdf-base 2020-01-24 v2.11 Base part for package epstopdf
Package epstopdf-base Info: Redefining graphics rule for `.eps' on input line 4
85.
)
\c@lstlisting=\count271
Package caption Info: Begin \AtBeginDocument code.
Package caption Info: End \AtBeginDocument code.
LaTeX Font Info:    Trying to load font information for U+msa on input line 23.


("C:\Users\Robert\AppData\Local\Programs\MiKTeX 2.9\tex/latex/amsfonts\umsa.fd"
File: umsa.fd 2013/01/14 v3.01 AMS symbols A
)
LaTeX Font Info:    Trying to load font information for U+msb on input line 23.

 ("C:\Users\Robert\AppData\Local\Programs\MiKTeX 2.9\tex/latex/amsfonts\umsb.fd
"
File: umsb.fd 2013/01/14 v3.01 AMS symbols B
) [1


{C:/Users/Robert/AppData/Local/MiKTeX/2.9/pdftex/config/pdftex.map}]
Underfull \hbox (badness 10000) in paragraph at lines 33--34

 []


Underfull \hbox (badness 10000) in paragraph at lines 75--77

 []

LaTeX Font Info:    Trying to load font information for T1+cmtt on input line 7
8.
("C:\Users\Robert\AppData\Local\Programs\MiKTeX 2.9\tex/latex/base\t1cmtt.fd"
File: t1cmtt.fd 2019/12/16 v2.5j Standard LaTeX font definitions
)
Underfull \hbox (badness 10000) in paragraph at lines 81--83

 []

[1]
Underfull \hbox (badness 10000) in paragraph at lines 85--93

 []


Underfull \hbox (badness 10000) in paragraph at lines 85--93

 []


Underfull \hbox (badness 10000) in paragraph at lines 95--102

 []

[2]
<../partA/t1/approx/c2_n1.png, id=26, 462.528pt x 346.896pt>
File: ../partA/t1/approx/c2_n1.png Graphic file (type png)
<use ../partA/t1/approx/c2_n1.png>
Package pdftex.def Info: ../partA/t1/approx/c2_n1.png  used on input line 114.
(pdftex.def)             Requested size: 312.00119pt x 234.01236pt.

Overfull \hbox (11.20668pt too wide) in paragraph at lines 112--116
 []|  [] 
 []

<../partA/t1/error/c2_n1.png, id=28, 462.528pt x 346.896pt>
File: ../partA/t1/error/c2_n1.png Graphic file (type png)
<use ../partA/t1/error/c2_n1.png>
Package pdftex.def Info: ../partA/t1/error/c2_n1.png  used on input line 119.
(pdftex.def)             Requested size: 312.00119pt x 234.01236pt.

Overfull \hbox (117.00119pt too wide) in paragraph at lines 119--121
 [][] 
 []


Underfull \hbox (badness 10000) in paragraph at lines 105--123

 []


Underfull \hbox (badness 10000) in paragraph at lines 105--123

 []


Underfull \hbox (badness 10000) in paragraph at lines 105--123

 []

<../partA/t1/approx/c4_n3.png, id=29, 462.528pt x 346.896pt>
File: ../partA/t1/approx/c4_n3.png Graphic file (type png)
<use ../partA/t1/approx/c4_n3.png>
Package pdftex.def Info: ../partA/t1/approx/c4_n3.png  used on input line 131.
(pdftex.def)             Requested size: 312.00119pt x 234.01236pt.

Overfull \hbox (11.20668pt too wide) in paragraph at lines 129--133
 []|  [] 
 []

<../partA/t1/error/c4_n3.png, id=30, 462.528pt x 346.896pt>
File: ../partA/t1/error/c4_n3.png Graphic file (type png)
<use ../partA/t1/error/c4_n3.png>
Package pdftex.def Info: ../partA/t1/error/c4_n3.png  used on input line 136.
(pdftex.def)             Requested size: 312.00119pt x 234.01236pt.

Overfull \hbox (117.00119pt too wide) in paragraph at lines 136--138
 [][] 
 []

<../partA/t1/approx/c6_n5.png, id=31, 462.528pt x 346.896pt>
File: ../partA/t1/approx/c6_n5.png Graphic file (type png)
<use ../partA/t1/approx/c6_n5.png>
Package pdftex.def Info: ../partA/t1/approx/c6_n5.png  used on input line 147.
(pdftex.def)             Requested size: 312.00119pt x 234.01236pt.

Overfull \hbox (11.20668pt too wide) in paragraph at lines 145--149
 []|  [] 
 []

<../partA/t1/error/c6_n5.png, id=32, 462.528pt x 346.896pt>
File: ../partA/t1/error/c6_n5.png Graphic file (type png)
<use ../partA/t1/error/c6_n5.png>
Package pdftex.def Info: ../partA/t1/error/c6_n5.png  used on input line 152.
(pdftex.def)             Requested size: 312.00119pt x 234.01236pt.

Overfull \hbox (117.00119pt too wide) in paragraph at lines 152--154
 [][] 
 []

[3 <../partA/t1/approx/c2_n1.png> <../partA/t1/error/c2_n1.png>]
<../partA/t1/approx/c10_n5.png, id=38, 462.528pt x 346.896pt>
File: ../partA/t1/approx/c10_n5.png Graphic file (type png)
<use ../partA/t1/approx/c10_n5.png>
Package pdftex.def Info: ../partA/t1/approx/c10_n5.png  used on input line 163.

(pdftex.def)             Requested size: 312.00119pt x 234.01236pt.

Overfull \hbox (11.20668pt too wide) in paragraph at lines 161--165
 []|  [] 
 []

<../partA/t1/error/c10_n5.png, id=39, 462.528pt x 346.896pt>
File: ../partA/t1/error/c10_n5.png Graphic file (type png)
<use ../partA/t1/error/c10_n5.png>
Package pdftex.def Info: ../partA/t1/error/c10_n5.png  used on input line 168.
(pdftex.def)             Requested size: 312.00119pt x 234.01236pt.

Overfull \hbox (117.00119pt too wide) in paragraph at lines 168--170
 [][] 
 []

<../partA/t1/approx/c15_n5.png, id=40, 462.528pt x 346.896pt>
File: ../partA/t1/approx/c15_n5.png Graphic file (type png)
<use ../partA/t1/approx/c15_n5.png>
Package pdftex.def Info: ../partA/t1/approx/c15_n5.png  used on input line 179.

(pdftex.def)             Requested size: 312.00119pt x 234.01236pt.

Overfull \hbox (11.20668pt too wide) in paragraph at lines 177--181
 []|  [] 
 []

<../partA/t1/error/c15_n5.png, id=41, 462.528pt x 346.896pt>
File: ../partA/t1/error/c15_n5.png Graphic file (type png)
<use ../partA/t1/error/c15_n5.png>
Package pdftex.def Info: ../partA/t1/error/c15_n5.png  used on input line 184.
(pdftex.def)             Requested size: 312.00119pt x 234.01236pt.

Overfull \hbox (117.00119pt too wide) in paragraph at lines 184--186
 [][] 
 []

[4 <../partA/t1/approx/c4_n3.png> <../partA/t1/error/c4_n3.png> <../partA/t1/ap
prox/c6_n5.png> <../partA/t1/error/c6_n5.png>]
<../partA/t1/approx/c20_n5.png, id=49, 462.528pt x 346.896pt>
File: ../partA/t1/approx/c20_n5.png Graphic file (type png)
<use ../partA/t1/approx/c20_n5.png>
Package pdftex.def Info: ../partA/t1/approx/c20_n5.png  used on input line 195.

(pdftex.def)             Requested size: 312.00119pt x 234.01236pt.

Overfull \hbox (11.20668pt too wide) in paragraph at lines 193--197
 []|  [] 
 []

<../partA/t1/error/c20_n5.png, id=50, 462.528pt x 346.896pt>
File: ../partA/t1/error/c20_n5.png Graphic file (type png)
<use ../partA/t1/error/c20_n5.png>
Package pdftex.def Info: ../partA/t1/error/c20_n5.png  used on input line 200.
(pdftex.def)             Requested size: 312.00119pt x 234.01236pt.

Overfull \hbox (117.00119pt too wide) in paragraph at lines 200--202
 [][] 
 []

[5 <../partA/t1/approx/c10_n5.png> <../partA/t1/error/c10_n5.png> <../partA/t1/
approx/c15_n5.png> <../partA/t1/error/c15_n5.png>] [6 <../partA/t1/approx/c20_n
5.png> <../partA/t1/error/c20_n5.png>]
<../partA/t2/approx/c2_n1.png, id=64, 462.528pt x 346.896pt>
File: ../partA/t2/approx/c2_n1.png Graphic file (type png)
<use ../partA/t2/approx/c2_n1.png>
Package pdftex.def Info: ../partA/t2/approx/c2_n1.png  used on input line 213.
(pdftex.def)             Requested size: 312.00119pt x 234.01236pt.

Overfull \hbox (11.20668pt too wide) in paragraph at lines 211--215
 []|  [] 
 []

<../partA/t2/error/c2_n1.png, id=65, 462.528pt x 346.896pt>
File: ../partA/t2/error/c2_n1.png Graphic file (type png)
<use ../partA/t2/error/c2_n1.png>
Package pdftex.def Info: ../partA/t2/error/c2_n1.png  used on input line 218.
(pdftex.def)             Requested size: 312.00119pt x 234.01236pt.

Overfull \hbox (117.00119pt too wide) in paragraph at lines 218--220
 [][] 
 []


Underfull \hbox (badness 10000) in paragraph at lines 207--222

 []


Underfull \hbox (badness 10000) in paragraph at lines 207--222

 []

<../partA/t2/approx/c4_n3.png, id=66, 462.528pt x 346.896pt>
File: ../partA/t2/approx/c4_n3.png Graphic file (type png)
<use ../partA/t2/approx/c4_n3.png>
Package pdftex.def Info: ../partA/t2/approx/c4_n3.png  used on input line 230.
(pdftex.def)             Requested size: 312.00119pt x 234.01236pt.

Overfull \hbox (11.20668pt too wide) in paragraph at lines 228--232
 []|  [] 
 []

<../partA/t2/error/c4_n3.png, id=67, 462.528pt x 346.896pt>
File: ../partA/t2/error/c4_n3.png Graphic file (type png)
<use ../partA/t2/error/c4_n3.png>
Package pdftex.def Info: ../partA/t2/error/c4_n3.png  used on input line 235.
(pdftex.def)             Requested size: 312.00119pt x 234.01236pt.

Overfull \hbox (117.00119pt too wide) in paragraph at lines 235--237
 [][] 
 []

<../partA/t2/approx/c6_n5.png, id=68, 462.528pt x 346.896pt>
File: ../partA/t2/approx/c6_n5.png Graphic file (type png)
<use ../partA/t2/approx/c6_n5.png>
Package pdftex.def Info: ../partA/t2/approx/c6_n5.png  used on input line 246.
(pdftex.def)             Requested size: 312.00119pt x 234.01236pt.

Overfull \hbox (11.20668pt too wide) in paragraph at lines 244--248
 []|  [] 
 []

<../partA/t2/error/c6_n5.png, id=69, 462.528pt x 346.896pt>
File: ../partA/t2/error/c6_n5.png Graphic file (type png)
<use ../partA/t2/error/c6_n5.png>
Package pdftex.def Info: ../partA/t2/error/c6_n5.png  used on input line 251.
(pdftex.def)             Requested size: 312.00119pt x 234.01236pt.

Overfull \hbox (117.00119pt too wide) in paragraph at lines 251--253
 [][] 
 []

<../partA/t2/approx/c10_n5.png, id=70, 462.528pt x 346.896pt>
File: ../partA/t2/approx/c10_n5.png Graphic file (type png)
<use ../partA/t2/approx/c10_n5.png>
Package pdftex.def Info: ../partA/t2/approx/c10_n5.png  used on input line 262.

(pdftex.def)             Requested size: 312.00119pt x 234.01236pt.

Overfull \hbox (11.20668pt too wide) in paragraph at lines 260--264
 []|  [] 
 []

<../partA/t2/error/c10_n5.png, id=71, 462.528pt x 346.896pt>
File: ../partA/t2/error/c10_n5.png Graphic file (type png)
<use ../partA/t2/error/c10_n5.png>
Package pdftex.def Info: ../partA/t2/error/c10_n5.png  used on input line 267.
(pdftex.def)             Requested size: 312.00119pt x 234.01236pt.

Overfull \hbox (117.00119pt too wide) in paragraph at lines 267--269
 [][] 
 []

[7 <../partA/t2/approx/c2_n1.png> <../partA/t2/error/c2_n1.png> <../partA/t2/ap
prox/c4_n3.png> <../partA/t2/error/c4_n3.png>]
<../partA/t2/approx/c15_n1.png, id=79, 462.528pt x 346.896pt>
File: ../partA/t2/approx/c15_n1.png Graphic file (type png)
<use ../partA/t2/approx/c15_n1.png>
Package pdftex.def Info: ../partA/t2/approx/c15_n1.png  used on input line 278.

(pdftex.def)             Requested size: 312.00119pt x 234.01236pt.

Overfull \hbox (11.20668pt too wide) in paragraph at lines 276--280
 []|  [] 
 []

<../partA/t2/error/c15_n1.png, id=80, 462.528pt x 346.896pt>
File: ../partA/t2/error/c15_n1.png Graphic file (type png)
<use ../partA/t2/error/c15_n1.png>
Package pdftex.def Info: ../partA/t2/error/c15_n1.png  used on input line 283.
(pdftex.def)             Requested size: 312.00119pt x 234.01236pt.

Overfull \hbox (117.00119pt too wide) in paragraph at lines 283--285
 [][] 
 []

<../partA/t2/approx/c15_n5.png, id=81, 462.528pt x 346.896pt>
File: ../partA/t2/approx/c15_n5.png Graphic file (type png)
<use ../partA/t2/approx/c15_n5.png>
Package pdftex.def Info: ../partA/t2/approx/c15_n5.png  used on input line 294.

(pdftex.def)             Requested size: 312.00119pt x 234.01236pt.

Overfull \hbox (11.20668pt too wide) in paragraph at lines 292--296
 []|  [] 
 []

<../partA/t2/error/c15_n5.png, id=82, 462.528pt x 346.896pt>
File: ../partA/t2/error/c15_n5.png Graphic file (type png)
<use ../partA/t2/error/c15_n5.png>
Package pdftex.def Info: ../partA/t2/error/c15_n5.png  used on input line 299.
(pdftex.def)             Requested size: 312.00119pt x 234.01236pt.

Overfull \hbox (117.00119pt too wide) in paragraph at lines 299--301
 [][] 
 []

[8 <../partA/t2/approx/c6_n5.png> <../partA/t2/error/c6_n5.png> <../partA/t2/ap
prox/c10_n5.png> <../partA/t2/error/c10_n5.png>] [9 <../partA/t2/approx/c15_n1.
png> <../partA/t2/error/c15_n1.png> <../partA/t2/approx/c15_n5.png> <../partA/t
2/error/c15_n5.png>]
Underfull \hbox (badness 10000) in paragraph at lines 333--338

 []

(sprawozdanie_z3.bbl) [10] (sprawozdanie_z3.aux) ) 
Here is how much of TeX's memory you used:
 5313 strings out of 480897
 79570 string characters out of 2897717
 309256 words of memory out of 3000000
 21139 multiletter control sequences out of 15000+200000
 547094 words of font info for 64 fonts, out of 3000000 for 9000
 1141 hyphenation exceptions out of 8191
 41i,8n,42p,255b,298s stack positions out of 5000i,500n,10000p,200000b,50000s
{C:/Users/Robert/AppData/Loca
l/Programs/MiKTeX 2.9/fonts/enc/dvips/cm-super/cm-super-t1.enc}{C:/Users/Robert
/AppData/Local/Programs/MiKTeX 2.9/fonts/enc/dvips/cm-super/cm-super-ts1.enc}<C
:/Users/Robert/AppData/Local/Programs/MiKTeX 2.9/fonts/type1/public/amsfonts/cm
/cmex10.pfb><C:/Users/Robert/AppData/Local/Programs/MiKTeX 2.9/fonts/type1/publ
ic/amsfonts/cm/cmmi12.pfb><C:/Users/Robert/AppData/Local/Programs/MiKTeX 2.9/fo
nts/type1/public/amsfonts/cm/cmmi8.pfb><C:/Users/Robert/AppData/Local/Programs/
MiKTeX 2.9/fonts/type1/public/amsfonts/cm/cmr12.pfb><C:/Users/Robert/AppData/Lo
cal/Programs/MiKTeX 2.9/fonts/type1/public/amsfonts/cm/cmr8.pfb><C:/Users/Rober
t/AppData/Local/Programs/MiKTeX 2.9/fonts/type1/public/amsfonts/cm/cmsy10.pfb><
C:/Users/Robert/AppData/Local/Programs/MiKTeX 2.9/fonts/type1/public/cm-super/s
fbx1200.pfb><C:/Users/Robert/AppData/Local/Programs/MiKTeX 2.9/fonts/type1/publ
ic/cm-super/sfbx1440.pfb><C:/Users/Robert/AppData/Local/Programs/MiKTeX 2.9/fon
ts/type1/public/cm-super/sfbx1728.pfb><C:/Users/Robert/AppData/Local/Programs/M
iKTeX 2.9/fonts/type1/public/cm-super/sfbx2074.pfb><C:/Users/Robert/AppData/Loc
al/Programs/MiKTeX 2.9/fonts/type1/public/cm-super/sfrm1200.pfb><C:/Users/Rober
t/AppData/Local/Programs/MiKTeX 2.9/fonts/type1/public/cm-super/sfrm1440.pfb><C
:/Users/Robert/AppData/Local/Programs/MiKTeX 2.9/fonts/type1/public/cm-super/sf
rm2074.pfb><C:/Users/Robert/AppData/Local/Programs/MiKTeX 2.9/fonts/type1/publi
c/cm-super/sfti1200.pfb><C:/Users/Robert/AppData/Local/Programs/MiKTeX 2.9/font
s/type1/public/cm-super/sftt1200.pfb>
Output written on sprawozdanie_z3.pdf (11 pages, 738307 bytes).
PDF statistics:
 151 PDF objects out of 1000 (max. 8388607)
 0 named destinations out of 1000 (max. 500000)
 121 words of extra memory for PDF output out of 10000 (max. 10000000)

